{"timestamp":"2023-06-12 11:53:02.970","level":"INFO","thread":"background-preinit","logger":"org.hibernate.validator.internal.util.Version","message":"HV000001: Hibernate Validator 8.0.0.Final","Application":"Credit-analysis","Region":null,"MachineName":null}
{"timestamp":"2023-06-12 11:53:03.038","level":"INFO","thread":"main","logger":"com.app.creditanalysis.CreditAnalysisApplication","message":"Starting CreditAnalysisApplication using Java 17 with PID 4248 (C:\\Users\\jefferson.silva\\Documents\\CreditAnalysisAPI\\target\\classes started by jefferson.silva in C:\\Users\\jefferson.silva\\Documents\\CreditAnalysisAPI)","Application":"Credit-analysis","Region":null,"MachineName":null}
{"timestamp":"2023-06-12 11:53:03.041","level":"INFO","thread":"main","logger":"com.app.creditanalysis.CreditAnalysisApplication","message":"No active profile set, falling back to 1 default profile: \"default\"","Application":"Credit-analysis","Region":null,"MachineName":null}
{"timestamp":"2023-06-12 11:53:04.108","level":"INFO","thread":"main","logger":"org.springframework.data.repository.config.RepositoryConfigurationDelegate","message":"Bootstrapping Spring Data JPA repositories in DEFAULT mode.","Application":"Credit-analysis","Region":null,"MachineName":null}
{"timestamp":"2023-06-12 11:53:04.180","level":"INFO","thread":"main","logger":"org.springframework.data.repository.config.RepositoryConfigurationDelegate","message":"Finished Spring Data repository scanning in 62 ms. Found 1 JPA repository interfaces.","Application":"Credit-analysis","Region":null,"MachineName":null}
{"timestamp":"2023-06-12 11:53:04.375","level":"INFO","thread":"main","logger":"org.springframework.cloud.context.scope.GenericScope","message":"BeanFactory id=adf1a70b-0e7b-3384-9f64-2282b9e05b3c","Application":"Credit-analysis","Region":null,"MachineName":null}
{"timestamp":"2023-06-12 11:53:04.470","level":"INFO","thread":"main","logger":"org.springframework.context.support.PostProcessorRegistrationDelegate$BeanPostProcessorChecker","message":"Bean 'com.app.creditanalysis.apicreditanalysis.ClientApiCreditAnalysis' of type [org.springframework.cloud.openfeign.FeignClientFactoryBean] is not eligible for getting processed by all BeanPostProcessors (for example: not eligible for auto-proxying)","Application":"Credit-analysis","Region":null,"MachineName":null}
{"timestamp":"2023-06-12 11:53:04.893","level":"WARN","thread":"main","logger":"io.undertow.websockets.jsr","message":"UT026010: Buffer pool was not set on WebSocketDeploymentInfo, the default pool will be used","Application":"Credit-analysis","Region":null,"MachineName":null}
{"timestamp":"2023-06-12 11:53:04.912","level":"INFO","thread":"main","logger":"io.undertow.servlet","message":"Initializing Spring embedded WebApplicationContext","Application":"Credit-analysis","Region":null,"MachineName":null}
{"timestamp":"2023-06-12 11:53:04.912","level":"INFO","thread":"main","logger":"org.springframework.boot.web.servlet.context.ServletWebServerApplicationContext","message":"Root WebApplicationContext: initialization completed in 1820 ms","Application":"Credit-analysis","Region":null,"MachineName":null}
{"timestamp":"2023-06-12 11:53:05.179","level":"INFO","thread":"main","logger":"com.zaxxer.hikari.HikariDataSource","message":"HikariPool-1 - Starting...","Application":"Credit-analysis","Region":null,"MachineName":null}
{"timestamp":"2023-06-12 11:53:05.197","level":"INFO","thread":"main","logger":"com.zaxxer.hikari.HikariDataSource","message":"HikariPool-1 - Start completed.","Application":"Credit-analysis","Region":null,"MachineName":null}
{"timestamp":"2023-06-12 11:53:05.474","level":"INFO","thread":"main","logger":"org.hibernate.jpa.internal.util.LogHelper","message":"HHH000204: Processing PersistenceUnitInfo [name: default]","Application":"Credit-analysis","Region":null,"MachineName":null}
{"timestamp":"2023-06-12 11:53:05.536","level":"INFO","thread":"main","logger":"org.hibernate.Version","message":"HHH000412: Hibernate ORM core version 6.1.7.Final","Application":"Credit-analysis","Region":null,"MachineName":null}
{"timestamp":"2023-06-12 11:53:05.913","level":"INFO","thread":"main","logger":"SQL dialect","message":"HHH000400: Using dialect: org.hibernate.dialect.PostgreSQL9Dialect","Application":"Credit-analysis","Region":null,"MachineName":null}
{"timestamp":"2023-06-12 11:53:05.915","level":"WARN","thread":"main","logger":"org.hibernate.orm.deprecation","message":"HHH90000026: PostgreSQL9Dialect has been deprecated; use org.hibernate.dialect.PostgreSQLDialect instead","Application":"Credit-analysis","Region":null,"MachineName":null}
{"timestamp":"2023-06-12 11:53:06.555","level":"INFO","thread":"main","logger":"org.hibernate.engine.transaction.jta.platform.internal.JtaPlatformInitiator","message":"HHH000490: Using JtaPlatform implementation: [org.hibernate.engine.transaction.jta.platform.internal.NoJtaPlatform]","Application":"Credit-analysis","Region":null,"MachineName":null}
{"timestamp":"2023-06-12 11:53:06.566","level":"INFO","thread":"main","logger":"org.springframework.orm.jpa.LocalContainerEntityManagerFactoryBean","message":"Initialized JPA EntityManagerFactory for persistence unit 'default'","Application":"Credit-analysis","Region":null,"MachineName":null}
{"timestamp":"2023-06-12 11:53:06.969","level":"WARN","thread":"main","logger":"org.springframework.boot.autoconfigure.orm.jpa.JpaBaseConfiguration$JpaWebConfiguration","message":"spring.jpa.open-in-view is enabled by default. Therefore, database queries may be performed during view rendering. Explicitly configure spring.jpa.open-in-view to disable this warning","Application":"Credit-analysis","Region":null,"MachineName":null}
{"timestamp":"2023-06-12 11:53:07.797","level":"INFO","thread":"main","logger":"org.springframework.boot.actuate.endpoint.web.EndpointLinksResolver","message":"Exposing 1 endpoint(s) beneath base path '/actuator'","Application":"Credit-analysis","Region":null,"MachineName":null}
{"timestamp":"2023-06-12 11:53:07.881","level":"INFO","thread":"main","logger":"io.undertow","message":"starting server: Undertow - 2.3.5.Final","Application":"Credit-analysis","Region":null,"MachineName":null}
{"timestamp":"2023-06-12 11:53:07.895","level":"INFO","thread":"main","logger":"org.xnio","message":"XNIO version 3.8.8.Final","Application":"Credit-analysis","Region":null,"MachineName":null}
{"timestamp":"2023-06-12 11:53:07.905","level":"INFO","thread":"main","logger":"org.xnio.nio","message":"XNIO NIO Implementation Version 3.8.8.Final","Application":"Credit-analysis","Region":null,"MachineName":null}
{"timestamp":"2023-06-12 11:53:08.005","level":"INFO","thread":"main","logger":"org.jboss.threads","message":"JBoss Threads version 3.5.0.Final","Application":"Credit-analysis","Region":null,"MachineName":null}
{"timestamp":"2023-06-12 11:53:08.058","level":"INFO","thread":"main","logger":"org.springframework.boot.web.embedded.undertow.UndertowWebServer","message":"Undertow started on port(s) 8084 (http)","Application":"Credit-analysis","Region":null,"MachineName":null}
{"timestamp":"2023-06-12 11:53:08.271","level":"INFO","thread":"main","logger":"com.app.creditanalysis.CreditAnalysisApplication","message":"Started CreditAnalysisApplication in 5.976 seconds (process running for 6.859)","Application":"Credit-analysis","Region":null,"MachineName":null}
{"timestamp":"2023-06-12 11:54:26.229","level":"INFO","thread":"XNIO-1 task-2","logger":"io.undertow.servlet","message":"Initializing Spring DispatcherServlet 'dispatcherServlet'","Application":"Credit-analysis","Region":null,"MachineName":null}
{"timestamp":"2023-06-12 11:54:26.230","level":"INFO","thread":"XNIO-1 task-2","logger":"org.springframework.web.servlet.DispatcherServlet","message":"Initializing Servlet 'dispatcherServlet'","Application":"Credit-analysis","Region":null,"MachineName":null}
{"timestamp":"2023-06-12 11:54:26.231","level":"INFO","thread":"XNIO-1 task-2","logger":"org.springframework.web.servlet.DispatcherServlet","message":"Completed initialization in 1 ms","Application":"Credit-analysis","Region":null,"MachineName":null}
{"timestamp":"2023-06-12 11:54:26.267","level":"WARN","thread":"XNIO-1 task-2","logger":"org.springframework.web.servlet.mvc.support.DefaultHandlerExceptionResolver","message":"Resolved [org.springframework.web.method.annotation.MethodArgumentTypeMismatchException: Failed to convert value of type 'java.lang.String' to required type 'java.util.UUID'; Invalid UUID string: 53887957806]","Application":"Credit-analysis","Region":null,"MachineName":null}
{"timestamp":"2023-06-12 11:54:58.714","level":"INFO","thread":"XNIO-1 task-2","logger":"com.app.creditanalysis.exceptionhandler.CreditAnalysisExceptionHandler","message":"something to log","Application":"Credit-analysis","Region":null,"MachineName":null,"correlationId":"fbc968e1-dcf1-4b65-a95a-e88b98c95320"}
{"timestamp":"2023-06-12 11:56:58.850","level":"INFO","thread":"XNIO-1 task-2","logger":"com.app.creditanalysis.exceptionhandler.CreditAnalysisExceptionHandler","message":"something to log","Application":"Credit-analysis","Region":null,"MachineName":null,"correlationId":"f0cc4b46-4db0-4057-ab9d-73d63ad9dc0e"}
{"timestamp":"2023-06-12 11:56:58.858","level":"ERROR","thread":"XNIO-1 task-2","logger":"com.app.creditanalysis.exceptionhandler.CreditAnalysisExceptionHandler","message":"com.app.creditanalysis.exception.CreditAnalysisNotFound: Credit Analysis with id client 8cef998b-4a43-4bdb-acdb-00000000000c not exists","Application":"Credit-analysis","Region":null,"MachineName":null,"correlationId":"f0cc4b46-4db0-4057-ab9d-73d63ad9dc0e"}
{"timestamp":"2023-06-12 11:59:00.553","level":"INFO","thread":"SpringApplicationShutdownHook","logger":"io.undertow","message":"stopping server: Undertow - 2.3.5.Final","Application":"Credit-analysis","Region":null,"MachineName":null}
{"timestamp":"2023-06-12 11:59:00.557","level":"INFO","thread":"SpringApplicationShutdownHook","logger":"io.undertow.servlet","message":"Destroying Spring FrameworkServlet 'dispatcherServlet'","Application":"Credit-analysis","Region":null,"MachineName":null}
{"timestamp":"2023-06-12 11:59:00.561","level":"INFO","thread":"SpringApplicationShutdownHook","logger":"org.springframework.orm.jpa.LocalContainerEntityManagerFactoryBean","message":"Closing JPA EntityManagerFactory for persistence unit 'default'","Application":"Credit-analysis","Region":null,"MachineName":null}
{"timestamp":"2023-06-12 11:59:00.564","level":"INFO","thread":"SpringApplicationShutdownHook","logger":"com.zaxxer.hikari.HikariDataSource","message":"HikariPool-1 - Shutdown initiated...","Application":"Credit-analysis","Region":null,"MachineName":null}
{"timestamp":"2023-06-12 11:59:00.567","level":"INFO","thread":"SpringApplicationShutdownHook","logger":"com.zaxxer.hikari.HikariDataSource","message":"HikariPool-1 - Shutdown completed.","Application":"Credit-analysis","Region":null,"MachineName":null}
{"timestamp":"2023-06-12 11:59:06.020","level":"INFO","thread":"background-preinit","logger":"org.hibernate.validator.internal.util.Version","message":"HV000001: Hibernate Validator 8.0.0.Final","Application":"Credit-analysis","Region":null,"MachineName":null}
{"timestamp":"2023-06-12 11:59:06.091","level":"INFO","thread":"main","logger":"com.app.creditanalysis.CreditAnalysisApplication","message":"Starting CreditAnalysisApplication using Java 17 with PID 19176 (C:\\Users\\jefferson.silva\\Documents\\CreditAnalysisAPI\\target\\classes started by jefferson.silva in C:\\Users\\jefferson.silva\\Documents\\CreditAnalysisAPI)","Application":"Credit-analysis","Region":null,"MachineName":null}
{"timestamp":"2023-06-12 11:59:06.093","level":"INFO","thread":"main","logger":"com.app.creditanalysis.CreditAnalysisApplication","message":"No active profile set, falling back to 1 default profile: \"default\"","Application":"Credit-analysis","Region":null,"MachineName":null}
{"timestamp":"2023-06-12 11:59:07.135","level":"INFO","thread":"main","logger":"org.springframework.data.repository.config.RepositoryConfigurationDelegate","message":"Bootstrapping Spring Data JPA repositories in DEFAULT mode.","Application":"Credit-analysis","Region":null,"MachineName":null}
{"timestamp":"2023-06-12 11:59:07.210","level":"INFO","thread":"main","logger":"org.springframework.data.repository.config.RepositoryConfigurationDelegate","message":"Finished Spring Data repository scanning in 65 ms. Found 1 JPA repository interfaces.","Application":"Credit-analysis","Region":null,"MachineName":null}
{"timestamp":"2023-06-12 11:59:07.413","level":"INFO","thread":"main","logger":"org.springframework.cloud.context.scope.GenericScope","message":"BeanFactory id=adf1a70b-0e7b-3384-9f64-2282b9e05b3c","Application":"Credit-analysis","Region":null,"MachineName":null}
{"timestamp":"2023-06-12 11:59:07.479","level":"INFO","thread":"main","logger":"org.springframework.context.support.PostProcessorRegistrationDelegate$BeanPostProcessorChecker","message":"Bean 'com.app.creditanalysis.apicreditanalysis.ClientApiCreditAnalysis' of type [org.springframework.cloud.openfeign.FeignClientFactoryBean] is not eligible for getting processed by all BeanPostProcessors (for example: not eligible for auto-proxying)","Application":"Credit-analysis","Region":null,"MachineName":null}
{"timestamp":"2023-06-12 11:59:07.867","level":"WARN","thread":"main","logger":"io.undertow.websockets.jsr","message":"UT026010: Buffer pool was not set on WebSocketDeploymentInfo, the default pool will be used","Application":"Credit-analysis","Region":null,"MachineName":null}
{"timestamp":"2023-06-12 11:59:07.882","level":"INFO","thread":"main","logger":"io.undertow.servlet","message":"Initializing Spring embedded WebApplicationContext","Application":"Credit-analysis","Region":null,"MachineName":null}
{"timestamp":"2023-06-12 11:59:07.883","level":"INFO","thread":"main","logger":"org.springframework.boot.web.servlet.context.ServletWebServerApplicationContext","message":"Root WebApplicationContext: initialization completed in 1740 ms","Application":"Credit-analysis","Region":null,"MachineName":null}
{"timestamp":"2023-06-12 11:59:08.169","level":"INFO","thread":"main","logger":"com.zaxxer.hikari.HikariDataSource","message":"HikariPool-1 - Starting...","Application":"Credit-analysis","Region":null,"MachineName":null}
{"timestamp":"2023-06-12 11:59:08.190","level":"INFO","thread":"main","logger":"com.zaxxer.hikari.HikariDataSource","message":"HikariPool-1 - Start completed.","Application":"Credit-analysis","Region":null,"MachineName":null}
{"timestamp":"2023-06-12 11:59:08.447","level":"INFO","thread":"main","logger":"org.hibernate.jpa.internal.util.LogHelper","message":"HHH000204: Processing PersistenceUnitInfo [name: default]","Application":"Credit-analysis","Region":null,"MachineName":null}
{"timestamp":"2023-06-12 11:59:08.504","level":"INFO","thread":"main","logger":"org.hibernate.Version","message":"HHH000412: Hibernate ORM core version 6.1.7.Final","Application":"Credit-analysis","Region":null,"MachineName":null}
{"timestamp":"2023-06-12 11:59:08.782","level":"INFO","thread":"main","logger":"SQL dialect","message":"HHH000400: Using dialect: org.hibernate.dialect.PostgreSQL9Dialect","Application":"Credit-analysis","Region":null,"MachineName":null}
{"timestamp":"2023-06-12 11:59:08.784","level":"WARN","thread":"main","logger":"org.hibernate.orm.deprecation","message":"HHH90000026: PostgreSQL9Dialect has been deprecated; use org.hibernate.dialect.PostgreSQLDialect instead","Application":"Credit-analysis","Region":null,"MachineName":null}
{"timestamp":"2023-06-12 11:59:09.309","level":"INFO","thread":"main","logger":"org.hibernate.engine.transaction.jta.platform.internal.JtaPlatformInitiator","message":"HHH000490: Using JtaPlatform implementation: [org.hibernate.engine.transaction.jta.platform.internal.NoJtaPlatform]","Application":"Credit-analysis","Region":null,"MachineName":null}
{"timestamp":"2023-06-12 11:59:09.319","level":"INFO","thread":"main","logger":"org.springframework.orm.jpa.LocalContainerEntityManagerFactoryBean","message":"Initialized JPA EntityManagerFactory for persistence unit 'default'","Application":"Credit-analysis","Region":null,"MachineName":null}
{"timestamp":"2023-06-12 11:59:09.751","level":"WARN","thread":"main","logger":"org.springframework.boot.autoconfigure.orm.jpa.JpaBaseConfiguration$JpaWebConfiguration","message":"spring.jpa.open-in-view is enabled by default. Therefore, database queries may be performed during view rendering. Explicitly configure spring.jpa.open-in-view to disable this warning","Application":"Credit-analysis","Region":null,"MachineName":null}
{"timestamp":"2023-06-12 11:59:10.616","level":"INFO","thread":"main","logger":"org.springframework.boot.actuate.endpoint.web.EndpointLinksResolver","message":"Exposing 1 endpoint(s) beneath base path '/actuator'","Application":"Credit-analysis","Region":null,"MachineName":null}
{"timestamp":"2023-06-12 11:59:10.697","level":"INFO","thread":"main","logger":"io.undertow","message":"starting server: Undertow - 2.3.5.Final","Application":"Credit-analysis","Region":null,"MachineName":null}
{"timestamp":"2023-06-12 11:59:10.707","level":"INFO","thread":"main","logger":"org.xnio","message":"XNIO version 3.8.8.Final","Application":"Credit-analysis","Region":null,"MachineName":null}
{"timestamp":"2023-06-12 11:59:10.720","level":"INFO","thread":"main","logger":"org.xnio.nio","message":"XNIO NIO Implementation Version 3.8.8.Final","Application":"Credit-analysis","Region":null,"MachineName":null}
{"timestamp":"2023-06-12 11:59:10.800","level":"INFO","thread":"main","logger":"org.jboss.threads","message":"JBoss Threads version 3.5.0.Final","Application":"Credit-analysis","Region":null,"MachineName":null}
{"timestamp":"2023-06-12 11:59:10.861","level":"INFO","thread":"main","logger":"org.springframework.boot.web.embedded.undertow.UndertowWebServer","message":"Undertow started on port(s) 8084 (http)","Application":"Credit-analysis","Region":null,"MachineName":null}
{"timestamp":"2023-06-12 11:59:11.140","level":"INFO","thread":"main","logger":"com.app.creditanalysis.CreditAnalysisApplication","message":"Started CreditAnalysisApplication in 5.851 seconds (process running for 6.787)","Application":"Credit-analysis","Region":null,"MachineName":null}
{"timestamp":"2023-06-12 11:59:15.370","level":"INFO","thread":"XNIO-1 task-2","logger":"io.undertow.servlet","message":"Initializing Spring DispatcherServlet 'dispatcherServlet'","Application":"Credit-analysis","Region":null,"MachineName":null}
{"timestamp":"2023-06-12 11:59:15.370","level":"INFO","thread":"XNIO-1 task-2","logger":"org.springframework.web.servlet.DispatcherServlet","message":"Initializing Servlet 'dispatcherServlet'","Application":"Credit-analysis","Region":null,"MachineName":null}
{"timestamp":"2023-06-12 11:59:15.372","level":"INFO","thread":"XNIO-1 task-2","logger":"org.springframework.web.servlet.DispatcherServlet","message":"Completed initialization in 2 ms","Application":"Credit-analysis","Region":null,"MachineName":null}
{"timestamp":"2023-06-12 11:59:15.405","level":"INFO","thread":"XNIO-1 task-2","logger":"com.app.creditanalysis.exceptionhandler.CreditAnalysisExceptionHandler","message":"accessed endpoint method get /client/8cef998b-4a43-4bdb-acdb-00000000000c","Application":"Credit-analysis","Region":null,"MachineName":null,"correlationId":"569c0b85-4e17-40dd-93f7-fc1125919e45"}
{"timestamp":"2023-06-12 11:59:15.543","level":"ERROR","thread":"XNIO-1 task-2","logger":"com.app.creditanalysis.exceptionhandler.CreditAnalysisExceptionHandler","message":"com.app.creditanalysis.exception.CreditAnalysisNotFound: Credit Analysis with id client 8cef998b-4a43-4bdb-acdb-00000000000c not exists","Application":"Credit-analysis","Region":null,"MachineName":null,"correlationId":"569c0b85-4e17-40dd-93f7-fc1125919e45"}
{"timestamp":"2023-06-12 11:59:18.314","level":"INFO","thread":"XNIO-1 task-2","logger":"com.app.creditanalysis.exceptionhandler.CreditAnalysisExceptionHandler","message":"accessed endpoint method get /client/8cef998b-4a43-4bdb-acdb-0c0634aaaff8","Application":"Credit-analysis","Region":null,"MachineName":null,"correlationId":"1f1d94f4-9bf9-4004-89e4-0b5a8fceb1db"}
{"timestamp":"2023-06-12 12:01:59.904","level":"INFO","thread":"main","logger":"org.hibernate.validator.internal.util.Version","message":"HV000001: Hibernate Validator 8.0.0.Final","Application":"Credit-analysis","Region":null,"MachineName":null}
{"timestamp":"2023-06-12 12:05:38.406","level":"INFO","thread":"XNIO-1 task-2","logger":"com.app.creditanalysis.exceptionhandler.CreditAnalysisExceptionHandler","message":"accessed endpoint method get /client/8cef998b-4a43-4bdb-acdb-0c0634aaaff8","Application":"Credit-analysis","Region":null,"MachineName":null,"correlationId":"7aa1f60c-14f3-4139-85b3-b587269f7c8a"}
{"timestamp":"2023-06-12 12:05:52.264","level":"INFO","thread":"XNIO-1 task-2","logger":"com.app.creditanalysis.exceptionhandler.CreditAnalysisExceptionHandler","message":"accessed endpoint method get /client/8cef998b-4a43-4bdb-acdb-0c0634aaaff8","Application":"Credit-analysis","Region":null,"MachineName":null,"correlationId":"1f0f1a27-8b43-41e3-a628-c410c387caed"}
{"timestamp":"2023-06-12 12:06:07.330","level":"INFO","thread":"SpringApplicationShutdownHook","logger":"io.undertow","message":"stopping server: Undertow - 2.3.5.Final","Application":"Credit-analysis","Region":null,"MachineName":null}
{"timestamp":"2023-06-12 12:06:07.332","level":"INFO","thread":"SpringApplicationShutdownHook","logger":"io.undertow.servlet","message":"Destroying Spring FrameworkServlet 'dispatcherServlet'","Application":"Credit-analysis","Region":null,"MachineName":null}
{"timestamp":"2023-06-12 12:06:07.339","level":"INFO","thread":"SpringApplicationShutdownHook","logger":"org.springframework.orm.jpa.LocalContainerEntityManagerFactoryBean","message":"Closing JPA EntityManagerFactory for persistence unit 'default'","Application":"Credit-analysis","Region":null,"MachineName":null}
{"timestamp":"2023-06-12 12:06:07.339","level":"INFO","thread":"SpringApplicationShutdownHook","logger":"com.zaxxer.hikari.HikariDataSource","message":"HikariPool-1 - Shutdown initiated...","Application":"Credit-analysis","Region":null,"MachineName":null}
{"timestamp":"2023-06-12 12:06:07.346","level":"INFO","thread":"SpringApplicationShutdownHook","logger":"com.zaxxer.hikari.HikariDataSource","message":"HikariPool-1 - Shutdown completed.","Application":"Credit-analysis","Region":null,"MachineName":null}
{"timestamp":"2023-06-12 12:06:54.680","level":"INFO","thread":"main","logger":"org.hibernate.validator.internal.util.Version","message":"HV000001: Hibernate Validator 8.0.0.Final","Application":"Credit-analysis","Region":null,"MachineName":null}
{"timestamp":"2023-06-15 11:34:47.347","level":"INFO","thread":"main","logger":"org.hibernate.validator.internal.util.Version","message":"HV000001: Hibernate Validator 8.0.0.Final","Application":"Credit-analysis","Region":null,"MachineName":null}
{"timestamp":"2023-06-15 11:46:14.330","level":"INFO","thread":"main","logger":"org.hibernate.validator.internal.util.Version","message":"HV000001: Hibernate Validator 8.0.0.Final","Application":"Credit-analysis","Region":null,"MachineName":"na"}
{"timestamp":"2023-06-15 13:56:36.488","level":"INFO","thread":"background-preinit","logger":"org.hibernate.validator.internal.util.Version","message":"HV000001: Hibernate Validator 8.0.0.Final","Application":"Credit-analysis","Region":null,"MachineName":null}
{"timestamp":"2023-06-15 13:56:36.547","level":"INFO","thread":"main","logger":"com.app.creditanalysis.CreditAnalysisApplication","message":"Starting CreditAnalysisApplication using Java 17 with PID 24108 (C:\\Users\\jefferson.silva\\Documents\\CreditAnalysisAPI\\target\\classes started by jefferson.silva in C:\\Users\\jefferson.silva\\Documents\\CreditAnalysisAPI)","Application":"Credit-analysis","Region":null,"MachineName":null}
{"timestamp":"2023-06-15 13:56:36.549","level":"INFO","thread":"main","logger":"com.app.creditanalysis.CreditAnalysisApplication","message":"No active profile set, falling back to 1 default profile: \"default\"","Application":"Credit-analysis","Region":null,"MachineName":null}
{"timestamp":"2023-06-15 13:56:37.535","level":"INFO","thread":"main","logger":"org.springframework.data.repository.config.RepositoryConfigurationDelegate","message":"Bootstrapping Spring Data JPA repositories in DEFAULT mode.","Application":"Credit-analysis","Region":null,"MachineName":null}
{"timestamp":"2023-06-15 13:56:37.596","level":"INFO","thread":"main","logger":"org.springframework.data.repository.config.RepositoryConfigurationDelegate","message":"Finished Spring Data repository scanning in 50 ms. Found 1 JPA repository interfaces.","Application":"Credit-analysis","Region":null,"MachineName":null}
{"timestamp":"2023-06-15 13:56:37.783","level":"INFO","thread":"main","logger":"org.springframework.cloud.context.scope.GenericScope","message":"BeanFactory id=adf1a70b-0e7b-3384-9f64-2282b9e05b3c","Application":"Credit-analysis","Region":null,"MachineName":null}
{"timestamp":"2023-06-15 13:56:37.852","level":"INFO","thread":"main","logger":"org.springframework.context.support.PostProcessorRegistrationDelegate$BeanPostProcessorChecker","message":"Bean 'com.app.creditanalysis.apicreditanalysis.ClientApiCreditAnalysis' of type [org.springframework.cloud.openfeign.FeignClientFactoryBean] is not eligible for getting processed by all BeanPostProcessors (for example: not eligible for auto-proxying)","Application":"Credit-analysis","Region":null,"MachineName":null}
{"timestamp":"2023-06-15 13:56:38.245","level":"WARN","thread":"main","logger":"io.undertow.websockets.jsr","message":"UT026010: Buffer pool was not set on WebSocketDeploymentInfo, the default pool will be used","Application":"Credit-analysis","Region":null,"MachineName":null}
{"timestamp":"2023-06-15 13:56:38.264","level":"INFO","thread":"main","logger":"io.undertow.servlet","message":"Initializing Spring embedded WebApplicationContext","Application":"Credit-analysis","Region":null,"MachineName":null}
{"timestamp":"2023-06-15 13:56:38.265","level":"INFO","thread":"main","logger":"org.springframework.boot.web.servlet.context.ServletWebServerApplicationContext","message":"Root WebApplicationContext: initialization completed in 1670 ms","Application":"Credit-analysis","Region":null,"MachineName":null}
{"timestamp":"2023-06-15 13:56:38.485","level":"INFO","thread":"main","logger":"com.zaxxer.hikari.HikariDataSource","message":"HikariPool-1 - Starting...","Application":"Credit-analysis","Region":null,"MachineName":null}
{"timestamp":"2023-06-15 13:56:38.506","level":"INFO","thread":"main","logger":"com.zaxxer.hikari.HikariDataSource","message":"HikariPool-1 - Start completed.","Application":"Credit-analysis","Region":null,"MachineName":null}
{"timestamp":"2023-06-15 13:56:38.722","level":"INFO","thread":"main","logger":"org.hibernate.jpa.internal.util.LogHelper","message":"HHH000204: Processing PersistenceUnitInfo [name: default]","Application":"Credit-analysis","Region":null,"MachineName":null}
{"timestamp":"2023-06-15 13:56:38.780","level":"INFO","thread":"main","logger":"org.hibernate.Version","message":"HHH000412: Hibernate ORM core version 6.1.7.Final","Application":"Credit-analysis","Region":null,"MachineName":null}
{"timestamp":"2023-06-15 13:56:39.065","level":"INFO","thread":"main","logger":"SQL dialect","message":"HHH000400: Using dialect: org.hibernate.dialect.PostgreSQL9Dialect","Application":"Credit-analysis","Region":null,"MachineName":null}
{"timestamp":"2023-06-15 13:56:39.067","level":"WARN","thread":"main","logger":"org.hibernate.orm.deprecation","message":"HHH90000026: PostgreSQL9Dialect has been deprecated; use org.hibernate.dialect.PostgreSQLDialect instead","Application":"Credit-analysis","Region":null,"MachineName":null}
{"timestamp":"2023-06-15 13:56:39.603","level":"INFO","thread":"main","logger":"org.hibernate.engine.transaction.jta.platform.internal.JtaPlatformInitiator","message":"HHH000490: Using JtaPlatform implementation: [org.hibernate.engine.transaction.jta.platform.internal.NoJtaPlatform]","Application":"Credit-analysis","Region":null,"MachineName":null}
{"timestamp":"2023-06-15 13:56:39.613","level":"INFO","thread":"main","logger":"org.springframework.orm.jpa.LocalContainerEntityManagerFactoryBean","message":"Initialized JPA EntityManagerFactory for persistence unit 'default'","Application":"Credit-analysis","Region":null,"MachineName":null}
{"timestamp":"2023-06-15 13:56:39.984","level":"WARN","thread":"main","logger":"org.springframework.boot.autoconfigure.orm.jpa.JpaBaseConfiguration$JpaWebConfiguration","message":"spring.jpa.open-in-view is enabled by default. Therefore, database queries may be performed during view rendering. Explicitly configure spring.jpa.open-in-view to disable this warning","Application":"Credit-analysis","Region":null,"MachineName":null}
{"timestamp":"2023-06-15 13:56:40.736","level":"INFO","thread":"main","logger":"org.springframework.boot.actuate.endpoint.web.EndpointLinksResolver","message":"Exposing 1 endpoint(s) beneath base path '/actuator'","Application":"Credit-analysis","Region":null,"MachineName":null}
{"timestamp":"2023-06-15 13:56:40.804","level":"INFO","thread":"main","logger":"io.undertow","message":"starting server: Undertow - 2.3.5.Final","Application":"Credit-analysis","Region":null,"MachineName":null}
{"timestamp":"2023-06-15 13:56:40.811","level":"INFO","thread":"main","logger":"org.xnio","message":"XNIO version 3.8.8.Final","Application":"Credit-analysis","Region":null,"MachineName":null}
{"timestamp":"2023-06-15 13:56:40.818","level":"INFO","thread":"main","logger":"org.xnio.nio","message":"XNIO NIO Implementation Version 3.8.8.Final","Application":"Credit-analysis","Region":null,"MachineName":null}
{"timestamp":"2023-06-15 13:56:40.897","level":"INFO","thread":"main","logger":"org.jboss.threads","message":"JBoss Threads version 3.5.0.Final","Application":"Credit-analysis","Region":null,"MachineName":null}
{"timestamp":"2023-06-15 13:56:40.941","level":"INFO","thread":"main","logger":"org.springframework.boot.web.embedded.undertow.UndertowWebServer","message":"Undertow started on port(s) 8083 (http)","Application":"Credit-analysis","Region":null,"MachineName":null}
{"timestamp":"2023-06-15 13:56:41.175","level":"INFO","thread":"main","logger":"com.app.creditanalysis.CreditAnalysisApplication","message":"Started CreditAnalysisApplication in 5.256 seconds (process running for 6.066)","Application":"Credit-analysis","Region":null,"MachineName":null}
{"timestamp":"2023-06-15 13:57:04.666","level":"INFO","thread":"XNIO-1 task-2","logger":"io.undertow.servlet","message":"Initializing Spring DispatcherServlet 'dispatcherServlet'","Application":"Credit-analysis","Region":null,"MachineName":null}
{"timestamp":"2023-06-15 13:57:04.667","level":"INFO","thread":"XNIO-1 task-2","logger":"org.springframework.web.servlet.DispatcherServlet","message":"Initializing Servlet 'dispatcherServlet'","Application":"Credit-analysis","Region":null,"MachineName":null}
{"timestamp":"2023-06-15 13:57:04.670","level":"INFO","thread":"XNIO-1 task-2","logger":"org.springframework.web.servlet.DispatcherServlet","message":"Completed initialization in 2 ms","Application":"Credit-analysis","Region":null,"MachineName":null}
{"timestamp":"2023-06-15 13:57:04.783","level":"ERROR","thread":"XNIO-1 task-2","logger":"com.app.creditanalysis.exceptionhandler.CreditAnalysisExceptionHandler","message":"org.springframework.http.converter.HttpMessageNotReadableException: JSON parse error: Cannot deserialize value of type `java.util.UUID` from String \"8cef998b-4a43-4bdb-acdb-0c0634asbbff8\": UUID has to be represented by standard 36-char representation","Application":"Credit-analysis","Region":null,"MachineName":null}
{"timestamp":"2023-06-15 13:57:22.123","level":"INFO","thread":"XNIO-1 task-2","logger":"com.app.creditanalysis.exceptionhandler.CreditAnalysisExceptionHandler","message":"accessed endpoint method post","Application":"Credit-analysis","Region":null,"MachineName":null,"correlationId":"30f88d95-0959-4ead-bdc8-db7b742e4fc8"}
{"timestamp":"2023-06-15 13:57:27.662","level":"INFO","thread":"XNIO-1 task-2","logger":"com.app.creditanalysis.exceptionhandler.CreditAnalysisExceptionHandler","message":"accessed endpoint method get with parameter cpf /53887957807","Application":"Credit-analysis","Region":null,"MachineName":null,"correlationId":"97222a90-fa0d-42e5-b374-688b852d04ca"}
{"timestamp":"2023-06-15 13:57:27.683","level":"ERROR","thread":"XNIO-1 task-2","logger":"com.app.creditanalysis.exceptionhandler.CreditAnalysisExceptionHandler","message":"com.app.creditanalysis.exception.ClientNotFoundException: Client not found by cpf 53887957807","Application":"Credit-analysis","Region":null,"MachineName":null,"correlationId":"97222a90-fa0d-42e5-b374-688b852d04ca"}
{"timestamp":"2023-06-15 13:57:38.491","level":"INFO","thread":"XNIO-1 task-2","logger":"com.app.creditanalysis.exceptionhandler.CreditAnalysisExceptionHandler","message":"accessed endpoint method get with parameter cpf /53887957806","Application":"Credit-analysis","Region":null,"MachineName":null,"correlationId":"d6153d9e-6a6f-4293-b240-39603e50f84c"}
{"timestamp":"2023-06-15 13:57:38.504","level":"ERROR","thread":"XNIO-1 task-2","logger":"com.app.creditanalysis.exceptionhandler.CreditAnalysisExceptionHandler","message":"com.app.creditanalysis.exception.ClientNotFoundException: Client not found by cpf 53887957806","Application":"Credit-analysis","Region":null,"MachineName":null,"correlationId":"d6153d9e-6a6f-4293-b240-39603e50f84c"}
{"timestamp":"2023-06-15 13:58:38.211","level":"INFO","thread":"SpringApplicationShutdownHook","logger":"io.undertow","message":"stopping server: Undertow - 2.3.5.Final","Application":"Credit-analysis","Region":null,"MachineName":null}
{"timestamp":"2023-06-15 13:58:38.213","level":"INFO","thread":"SpringApplicationShutdownHook","logger":"io.undertow.servlet","message":"Destroying Spring FrameworkServlet 'dispatcherServlet'","Application":"Credit-analysis","Region":null,"MachineName":null}
{"timestamp":"2023-06-15 13:58:38.217","level":"INFO","thread":"SpringApplicationShutdownHook","logger":"org.springframework.orm.jpa.LocalContainerEntityManagerFactoryBean","message":"Closing JPA EntityManagerFactory for persistence unit 'default'","Application":"Credit-analysis","Region":null,"MachineName":null}
{"timestamp":"2023-06-15 13:58:38.219","level":"INFO","thread":"SpringApplicationShutdownHook","logger":"com.zaxxer.hikari.HikariDataSource","message":"HikariPool-1 - Shutdown initiated...","Application":"Credit-analysis","Region":null,"MachineName":null}
{"timestamp":"2023-06-15 13:58:38.221","level":"INFO","thread":"SpringApplicationShutdownHook","logger":"com.zaxxer.hikari.HikariDataSource","message":"HikariPool-1 - Shutdown completed.","Application":"Credit-analysis","Region":null,"MachineName":null}
{"timestamp":"2023-06-15 13:58:40.994","level":"INFO","thread":"background-preinit","logger":"org.hibernate.validator.internal.util.Version","message":"HV000001: Hibernate Validator 8.0.0.Final","Application":"Credit-analysis","Region":null,"MachineName":null}
{"timestamp":"2023-06-15 13:58:41.057","level":"INFO","thread":"main","logger":"com.app.creditanalysis.CreditAnalysisApplication","message":"Starting CreditAnalysisApplication using Java 17 with PID 1104 (C:\\Users\\jefferson.silva\\Documents\\CreditAnalysisAPI\\target\\classes started by jefferson.silva in C:\\Users\\jefferson.silva\\Documents\\CreditAnalysisAPI)","Application":"Credit-analysis","Region":null,"MachineName":null}
{"timestamp":"2023-06-15 13:58:41.061","level":"INFO","thread":"main","logger":"com.app.creditanalysis.CreditAnalysisApplication","message":"No active profile set, falling back to 1 default profile: \"default\"","Application":"Credit-analysis","Region":null,"MachineName":null}
{"timestamp":"2023-06-15 13:58:42.064","level":"INFO","thread":"main","logger":"org.springframework.data.repository.config.RepositoryConfigurationDelegate","message":"Bootstrapping Spring Data JPA repositories in DEFAULT mode.","Application":"Credit-analysis","Region":null,"MachineName":null}
{"timestamp":"2023-06-15 13:58:42.132","level":"INFO","thread":"main","logger":"org.springframework.data.repository.config.RepositoryConfigurationDelegate","message":"Finished Spring Data repository scanning in 59 ms. Found 1 JPA repository interfaces.","Application":"Credit-analysis","Region":null,"MachineName":null}
{"timestamp":"2023-06-15 13:58:42.358","level":"INFO","thread":"main","logger":"org.springframework.cloud.context.scope.GenericScope","message":"BeanFactory id=adf1a70b-0e7b-3384-9f64-2282b9e05b3c","Application":"Credit-analysis","Region":null,"MachineName":null}
{"timestamp":"2023-06-15 13:58:42.453","level":"INFO","thread":"main","logger":"org.springframework.context.support.PostProcessorRegistrationDelegate$BeanPostProcessorChecker","message":"Bean 'com.app.creditanalysis.apicreditanalysis.ClientApiCreditAnalysis' of type [org.springframework.cloud.openfeign.FeignClientFactoryBean] is not eligible for getting processed by all BeanPostProcessors (for example: not eligible for auto-proxying)","Application":"Credit-analysis","Region":null,"MachineName":null}
{"timestamp":"2023-06-15 13:58:42.918","level":"WARN","thread":"main","logger":"io.undertow.websockets.jsr","message":"UT026010: Buffer pool was not set on WebSocketDeploymentInfo, the default pool will be used","Application":"Credit-analysis","Region":null,"MachineName":null}
{"timestamp":"2023-06-15 13:58:42.941","level":"INFO","thread":"main","logger":"io.undertow.servlet","message":"Initializing Spring embedded WebApplicationContext","Application":"Credit-analysis","Region":null,"MachineName":null}
{"timestamp":"2023-06-15 13:58:42.941","level":"INFO","thread":"main","logger":"org.springframework.boot.web.servlet.context.ServletWebServerApplicationContext","message":"Root WebApplicationContext: initialization completed in 1829 ms","Application":"Credit-analysis","Region":null,"MachineName":null}
{"timestamp":"2023-06-15 13:58:43.272","level":"INFO","thread":"main","logger":"com.zaxxer.hikari.HikariDataSource","message":"HikariPool-1 - Starting...","Application":"Credit-analysis","Region":null,"MachineName":null}
{"timestamp":"2023-06-15 13:58:43.287","level":"INFO","thread":"main","logger":"com.zaxxer.hikari.HikariDataSource","message":"HikariPool-1 - Start completed.","Application":"Credit-analysis","Region":null,"MachineName":null}
{"timestamp":"2023-06-15 13:58:43.557","level":"INFO","thread":"main","logger":"org.hibernate.jpa.internal.util.LogHelper","message":"HHH000204: Processing PersistenceUnitInfo [name: default]","Application":"Credit-analysis","Region":null,"MachineName":null}
{"timestamp":"2023-06-15 13:58:43.620","level":"INFO","thread":"main","logger":"org.hibernate.Version","message":"HHH000412: Hibernate ORM core version 6.1.7.Final","Application":"Credit-analysis","Region":null,"MachineName":null}
{"timestamp":"2023-06-15 13:58:43.986","level":"INFO","thread":"main","logger":"SQL dialect","message":"HHH000400: Using dialect: org.hibernate.dialect.PostgreSQL9Dialect","Application":"Credit-analysis","Region":null,"MachineName":null}
{"timestamp":"2023-06-15 13:58:43.988","level":"WARN","thread":"main","logger":"org.hibernate.orm.deprecation","message":"HHH90000026: PostgreSQL9Dialect has been deprecated; use org.hibernate.dialect.PostgreSQLDialect instead","Application":"Credit-analysis","Region":null,"MachineName":null}
{"timestamp":"2023-06-15 13:58:44.695","level":"INFO","thread":"main","logger":"org.hibernate.engine.transaction.jta.platform.internal.JtaPlatformInitiator","message":"HHH000490: Using JtaPlatform implementation: [org.hibernate.engine.transaction.jta.platform.internal.NoJtaPlatform]","Application":"Credit-analysis","Region":null,"MachineName":null}
{"timestamp":"2023-06-15 13:58:44.704","level":"INFO","thread":"main","logger":"org.springframework.orm.jpa.LocalContainerEntityManagerFactoryBean","message":"Initialized JPA EntityManagerFactory for persistence unit 'default'","Application":"Credit-analysis","Region":null,"MachineName":null}
{"timestamp":"2023-06-15 13:58:45.120","level":"WARN","thread":"main","logger":"org.springframework.boot.autoconfigure.orm.jpa.JpaBaseConfiguration$JpaWebConfiguration","message":"spring.jpa.open-in-view is enabled by default. Therefore, database queries may be performed during view rendering. Explicitly configure spring.jpa.open-in-view to disable this warning","Application":"Credit-analysis","Region":null,"MachineName":null}
{"timestamp":"2023-06-15 13:58:45.941","level":"INFO","thread":"main","logger":"org.springframework.boot.actuate.endpoint.web.EndpointLinksResolver","message":"Exposing 1 endpoint(s) beneath base path '/actuator'","Application":"Credit-analysis","Region":null,"MachineName":null}
{"timestamp":"2023-06-15 13:58:46.011","level":"INFO","thread":"main","logger":"io.undertow","message":"starting server: Undertow - 2.3.5.Final","Application":"Credit-analysis","Region":null,"MachineName":null}
{"timestamp":"2023-06-15 13:58:46.022","level":"INFO","thread":"main","logger":"org.xnio","message":"XNIO version 3.8.8.Final","Application":"Credit-analysis","Region":null,"MachineName":null}
{"timestamp":"2023-06-15 13:58:46.030","level":"INFO","thread":"main","logger":"org.xnio.nio","message":"XNIO NIO Implementation Version 3.8.8.Final","Application":"Credit-analysis","Region":null,"MachineName":null}
{"timestamp":"2023-06-15 13:58:46.118","level":"INFO","thread":"main","logger":"org.jboss.threads","message":"JBoss Threads version 3.5.0.Final","Application":"Credit-analysis","Region":null,"MachineName":null}
{"timestamp":"2023-06-15 13:58:46.178","level":"INFO","thread":"main","logger":"org.springframework.boot.web.embedded.undertow.UndertowWebServer","message":"Undertow started on port(s) 8083 (http)","Application":"Credit-analysis","Region":null,"MachineName":null}
{"timestamp":"2023-06-15 13:58:46.469","level":"INFO","thread":"main","logger":"com.app.creditanalysis.CreditAnalysisApplication","message":"Started CreditAnalysisApplication in 6.105 seconds (process running for 7.154)","Application":"Credit-analysis","Region":null,"MachineName":null}
{"timestamp":"2023-06-15 13:58:49.688","level":"INFO","thread":"XNIO-1 task-2","logger":"io.undertow.servlet","message":"Initializing Spring DispatcherServlet 'dispatcherServlet'","Application":"Credit-analysis","Region":null,"MachineName":null}
{"timestamp":"2023-06-15 13:58:49.689","level":"INFO","thread":"XNIO-1 task-2","logger":"org.springframework.web.servlet.DispatcherServlet","message":"Initializing Servlet 'dispatcherServlet'","Application":"Credit-analysis","Region":null,"MachineName":null}
{"timestamp":"2023-06-15 13:58:49.690","level":"INFO","thread":"XNIO-1 task-2","logger":"org.springframework.web.servlet.DispatcherServlet","message":"Completed initialization in 1 ms","Application":"Credit-analysis","Region":null,"MachineName":null}
{"timestamp":"2023-06-15 13:58:49.737","level":"INFO","thread":"XNIO-1 task-2","logger":"com.app.creditanalysis.exceptionhandler.CreditAnalysisExceptionHandler","message":"accessed endpoint method get with parameter cpf /53887957806","Application":"Credit-analysis","Region":null,"MachineName":null,"correlationId":"e9bbb907-dd84-4153-ac71-6bde58999984"}
{"timestamp":"2023-06-15 14:02:22.781","level":"WARN","thread":"HikariPool-1 housekeeper","logger":"com.zaxxer.hikari.pool.HikariPool","message":"HikariPool-1 - Thread starvation or clock leap detected (housekeeper delta=3m39s382ms774µs400ns).","Application":"Credit-analysis","Region":null,"MachineName":null}
{"timestamp":"2023-06-15 14:02:22.786","level":"ERROR","thread":"XNIO-1 task-2","logger":"com.app.creditanalysis.exceptionhandler.CreditAnalysisExceptionHandler","message":"com.app.creditanalysis.exception.ClientNotFoundException: Client not found by cpf 53887957806","Application":"Credit-analysis","Region":null,"MachineName":null,"correlationId":"e9bbb907-dd84-4153-ac71-6bde58999984"}
{"timestamp":"2023-06-15 14:02:23.004","level":"INFO","thread":"SpringApplicationShutdownHook","logger":"io.undertow","message":"stopping server: Undertow - 2.3.5.Final","Application":"Credit-analysis","Region":null,"MachineName":null}
{"timestamp":"2023-06-15 14:02:23.008","level":"INFO","thread":"SpringApplicationShutdownHook","logger":"io.undertow.servlet","message":"Destroying Spring FrameworkServlet 'dispatcherServlet'","Application":"Credit-analysis","Region":null,"MachineName":null}
{"timestamp":"2023-06-15 14:02:23.014","level":"INFO","thread":"SpringApplicationShutdownHook","logger":"org.springframework.orm.jpa.LocalContainerEntityManagerFactoryBean","message":"Closing JPA EntityManagerFactory for persistence unit 'default'","Application":"Credit-analysis","Region":null,"MachineName":null}
{"timestamp":"2023-06-15 14:02:23.017","level":"INFO","thread":"SpringApplicationShutdownHook","logger":"com.zaxxer.hikari.HikariDataSource","message":"HikariPool-1 - Shutdown initiated...","Application":"Credit-analysis","Region":null,"MachineName":null}
{"timestamp":"2023-06-15 14:02:23.027","level":"INFO","thread":"SpringApplicationShutdownHook","logger":"com.zaxxer.hikari.HikariDataSource","message":"HikariPool-1 - Shutdown completed.","Application":"Credit-analysis","Region":null,"MachineName":null}
{"timestamp":"2023-06-15 14:02:28.448","level":"INFO","thread":"background-preinit","logger":"org.hibernate.validator.internal.util.Version","message":"HV000001: Hibernate Validator 8.0.0.Final","Application":"Credit-analysis","Region":null,"MachineName":null}
{"timestamp":"2023-06-15 14:02:28.513","level":"INFO","thread":"main","logger":"com.app.creditanalysis.CreditAnalysisApplication","message":"Starting CreditAnalysisApplication using Java 17 with PID 10204 (C:\\Users\\jefferson.silva\\Documents\\CreditAnalysisAPI\\target\\classes started by jefferson.silva in C:\\Users\\jefferson.silva\\Documents\\CreditAnalysisAPI)","Application":"Credit-analysis","Region":null,"MachineName":null}
{"timestamp":"2023-06-15 14:02:28.516","level":"INFO","thread":"main","logger":"com.app.creditanalysis.CreditAnalysisApplication","message":"No active profile set, falling back to 1 default profile: \"default\"","Application":"Credit-analysis","Region":null,"MachineName":null}
{"timestamp":"2023-06-15 14:02:29.532","level":"INFO","thread":"main","logger":"org.springframework.data.repository.config.RepositoryConfigurationDelegate","message":"Bootstrapping Spring Data JPA repositories in DEFAULT mode.","Application":"Credit-analysis","Region":null,"MachineName":null}
{"timestamp":"2023-06-15 14:02:29.602","level":"INFO","thread":"main","logger":"org.springframework.data.repository.config.RepositoryConfigurationDelegate","message":"Finished Spring Data repository scanning in 60 ms. Found 1 JPA repository interfaces.","Application":"Credit-analysis","Region":null,"MachineName":null}
{"timestamp":"2023-06-15 14:02:29.820","level":"INFO","thread":"main","logger":"org.springframework.cloud.context.scope.GenericScope","message":"BeanFactory id=adf1a70b-0e7b-3384-9f64-2282b9e05b3c","Application":"Credit-analysis","Region":null,"MachineName":null}
{"timestamp":"2023-06-15 14:02:29.900","level":"INFO","thread":"main","logger":"org.springframework.context.support.PostProcessorRegistrationDelegate$BeanPostProcessorChecker","message":"Bean 'com.app.creditanalysis.apicreditanalysis.ClientApiCreditAnalysis' of type [org.springframework.cloud.openfeign.FeignClientFactoryBean] is not eligible for getting processed by all BeanPostProcessors (for example: not eligible for auto-proxying)","Application":"Credit-analysis","Region":null,"MachineName":null}
{"timestamp":"2023-06-15 14:02:30.359","level":"WARN","thread":"main","logger":"io.undertow.websockets.jsr","message":"UT026010: Buffer pool was not set on WebSocketDeploymentInfo, the default pool will be used","Application":"Credit-analysis","Region":null,"MachineName":null}
{"timestamp":"2023-06-15 14:02:30.385","level":"INFO","thread":"main","logger":"io.undertow.servlet","message":"Initializing Spring embedded WebApplicationContext","Application":"Credit-analysis","Region":null,"MachineName":null}
{"timestamp":"2023-06-15 14:02:30.386","level":"INFO","thread":"main","logger":"org.springframework.boot.web.servlet.context.ServletWebServerApplicationContext","message":"Root WebApplicationContext: initialization completed in 1821 ms","Application":"Credit-analysis","Region":null,"MachineName":null}
{"timestamp":"2023-06-15 14:02:30.648","level":"INFO","thread":"main","logger":"com.zaxxer.hikari.HikariDataSource","message":"HikariPool-1 - Starting...","Application":"Credit-analysis","Region":null,"MachineName":null}
{"timestamp":"2023-06-15 14:02:30.664","level":"INFO","thread":"main","logger":"com.zaxxer.hikari.HikariDataSource","message":"HikariPool-1 - Start completed.","Application":"Credit-analysis","Region":null,"MachineName":null}
{"timestamp":"2023-06-15 14:02:30.912","level":"INFO","thread":"main","logger":"org.hibernate.jpa.internal.util.LogHelper","message":"HHH000204: Processing PersistenceUnitInfo [name: default]","Application":"Credit-analysis","Region":null,"MachineName":null}
{"timestamp":"2023-06-15 14:02:30.965","level":"INFO","thread":"main","logger":"org.hibernate.Version","message":"HHH000412: Hibernate ORM core version 6.1.7.Final","Application":"Credit-analysis","Region":null,"MachineName":null}
{"timestamp":"2023-06-15 14:02:31.287","level":"INFO","thread":"main","logger":"SQL dialect","message":"HHH000400: Using dialect: org.hibernate.dialect.PostgreSQL9Dialect","Application":"Credit-analysis","Region":null,"MachineName":null}
{"timestamp":"2023-06-15 14:02:31.289","level":"WARN","thread":"main","logger":"org.hibernate.orm.deprecation","message":"HHH90000026: PostgreSQL9Dialect has been deprecated; use org.hibernate.dialect.PostgreSQLDialect instead","Application":"Credit-analysis","Region":null,"MachineName":null}
{"timestamp":"2023-06-15 14:02:32.024","level":"INFO","thread":"main","logger":"org.hibernate.engine.transaction.jta.platform.internal.JtaPlatformInitiator","message":"HHH000490: Using JtaPlatform implementation: [org.hibernate.engine.transaction.jta.platform.internal.NoJtaPlatform]","Application":"Credit-analysis","Region":null,"MachineName":null}
{"timestamp":"2023-06-15 14:02:32.036","level":"INFO","thread":"main","logger":"org.springframework.orm.jpa.LocalContainerEntityManagerFactoryBean","message":"Initialized JPA EntityManagerFactory for persistence unit 'default'","Application":"Credit-analysis","Region":null,"MachineName":null}
{"timestamp":"2023-06-15 14:02:32.535","level":"WARN","thread":"main","logger":"org.springframework.boot.autoconfigure.orm.jpa.JpaBaseConfiguration$JpaWebConfiguration","message":"spring.jpa.open-in-view is enabled by default. Therefore, database queries may be performed during view rendering. Explicitly configure spring.jpa.open-in-view to disable this warning","Application":"Credit-analysis","Region":null,"MachineName":null}
{"timestamp":"2023-06-15 14:02:33.377","level":"INFO","thread":"main","logger":"org.springframework.boot.actuate.endpoint.web.EndpointLinksResolver","message":"Exposing 1 endpoint(s) beneath base path '/actuator'","Application":"Credit-analysis","Region":null,"MachineName":null}
{"timestamp":"2023-06-15 14:02:33.444","level":"INFO","thread":"main","logger":"io.undertow","message":"starting server: Undertow - 2.3.5.Final","Application":"Credit-analysis","Region":null,"MachineName":null}
{"timestamp":"2023-06-15 14:02:33.459","level":"INFO","thread":"main","logger":"org.xnio","message":"XNIO version 3.8.8.Final","Application":"Credit-analysis","Region":null,"MachineName":null}
{"timestamp":"2023-06-15 14:02:33.469","level":"INFO","thread":"main","logger":"org.xnio.nio","message":"XNIO NIO Implementation Version 3.8.8.Final","Application":"Credit-analysis","Region":null,"MachineName":null}
{"timestamp":"2023-06-15 14:02:33.561","level":"INFO","thread":"main","logger":"org.jboss.threads","message":"JBoss Threads version 3.5.0.Final","Application":"Credit-analysis","Region":null,"MachineName":null}
{"timestamp":"2023-06-15 14:02:33.622","level":"INFO","thread":"main","logger":"org.springframework.boot.web.embedded.undertow.UndertowWebServer","message":"Undertow started on port(s) 8083 (http)","Application":"Credit-analysis","Region":null,"MachineName":null}
{"timestamp":"2023-06-15 14:02:33.853","level":"INFO","thread":"main","logger":"com.app.creditanalysis.CreditAnalysisApplication","message":"Started CreditAnalysisApplication in 6.123 seconds (process running for 7.169)","Application":"Credit-analysis","Region":null,"MachineName":null}
{"timestamp":"2023-06-15 14:02:43.254","level":"INFO","thread":"XNIO-1 task-2","logger":"io.undertow.servlet","message":"Initializing Spring DispatcherServlet 'dispatcherServlet'","Application":"Credit-analysis","Region":null,"MachineName":null}
{"timestamp":"2023-06-15 14:02:43.255","level":"INFO","thread":"XNIO-1 task-2","logger":"org.springframework.web.servlet.DispatcherServlet","message":"Initializing Servlet 'dispatcherServlet'","Application":"Credit-analysis","Region":null,"MachineName":null}
{"timestamp":"2023-06-15 14:02:43.257","level":"INFO","thread":"XNIO-1 task-2","logger":"org.springframework.web.servlet.DispatcherServlet","message":"Completed initialization in 2 ms","Application":"Credit-analysis","Region":null,"MachineName":null}
{"timestamp":"2023-06-15 14:02:43.299","level":"INFO","thread":"XNIO-1 task-2","logger":"com.app.creditanalysis.exceptionhandler.CreditAnalysisExceptionHandler","message":"accessed endpoint method get with parameter cpf /53887957806","Application":"Credit-analysis","Region":null,"MachineName":null,"correlationId":"c55309c1-a6ab-4603-81f9-bcd696384c92"}
{"timestamp":"2023-06-15 14:03:05.130","level":"INFO","thread":"SpringApplicationShutdownHook","logger":"io.undertow","message":"stopping server: Undertow - 2.3.5.Final","Application":"Credit-analysis","Region":null,"MachineName":null}
{"timestamp":"2023-06-15 14:03:05.136","level":"INFO","thread":"SpringApplicationShutdownHook","logger":"io.undertow.servlet","message":"Destroying Spring FrameworkServlet 'dispatcherServlet'","Application":"Credit-analysis","Region":null,"MachineName":null}
{"timestamp":"2023-06-15 14:03:05.143","level":"INFO","thread":"SpringApplicationShutdownHook","logger":"org.springframework.orm.jpa.LocalContainerEntityManagerFactoryBean","message":"Closing JPA EntityManagerFactory for persistence unit 'default'","Application":"Credit-analysis","Region":null,"MachineName":null}
{"timestamp":"2023-06-15 14:03:05.148","level":"INFO","thread":"SpringApplicationShutdownHook","logger":"com.zaxxer.hikari.HikariDataSource","message":"HikariPool-1 - Shutdown initiated...","Application":"Credit-analysis","Region":null,"MachineName":null}
{"timestamp":"2023-06-15 14:03:05.152","level":"INFO","thread":"SpringApplicationShutdownHook","logger":"com.zaxxer.hikari.HikariDataSource","message":"HikariPool-1 - Shutdown completed.","Application":"Credit-analysis","Region":null,"MachineName":null}
{"timestamp":"2023-06-15 14:03:10.387","level":"INFO","thread":"background-preinit","logger":"org.hibernate.validator.internal.util.Version","message":"HV000001: Hibernate Validator 8.0.0.Final","Application":"Credit-analysis","Region":null,"MachineName":null}
{"timestamp":"2023-06-15 14:03:10.442","level":"INFO","thread":"main","logger":"com.app.creditanalysis.CreditAnalysisApplication","message":"Starting CreditAnalysisApplication using Java 17 with PID 12800 (C:\\Users\\jefferson.silva\\Documents\\CreditAnalysisAPI\\target\\classes started by jefferson.silva in C:\\Users\\jefferson.silva\\Documents\\CreditAnalysisAPI)","Application":"Credit-analysis","Region":null,"MachineName":null}
{"timestamp":"2023-06-15 14:03:10.445","level":"INFO","thread":"main","logger":"com.app.creditanalysis.CreditAnalysisApplication","message":"No active profile set, falling back to 1 default profile: \"default\"","Application":"Credit-analysis","Region":null,"MachineName":null}
{"timestamp":"2023-06-15 14:03:11.365","level":"INFO","thread":"main","logger":"org.springframework.data.repository.config.RepositoryConfigurationDelegate","message":"Bootstrapping Spring Data JPA repositories in DEFAULT mode.","Application":"Credit-analysis","Region":null,"MachineName":null}
{"timestamp":"2023-06-15 14:03:11.430","level":"INFO","thread":"main","logger":"org.springframework.data.repository.config.RepositoryConfigurationDelegate","message":"Finished Spring Data repository scanning in 54 ms. Found 1 JPA repository interfaces.","Application":"Credit-analysis","Region":null,"MachineName":null}
{"timestamp":"2023-06-15 14:03:11.627","level":"INFO","thread":"main","logger":"org.springframework.cloud.context.scope.GenericScope","message":"BeanFactory id=adf1a70b-0e7b-3384-9f64-2282b9e05b3c","Application":"Credit-analysis","Region":null,"MachineName":null}
{"timestamp":"2023-06-15 14:03:11.690","level":"INFO","thread":"main","logger":"org.springframework.context.support.PostProcessorRegistrationDelegate$BeanPostProcessorChecker","message":"Bean 'com.app.creditanalysis.apicreditanalysis.ClientApiCreditAnalysis' of type [org.springframework.cloud.openfeign.FeignClientFactoryBean] is not eligible for getting processed by all BeanPostProcessors (for example: not eligible for auto-proxying)","Application":"Credit-analysis","Region":null,"MachineName":null}
{"timestamp":"2023-06-15 14:03:12.087","level":"WARN","thread":"main","logger":"io.undertow.websockets.jsr","message":"UT026010: Buffer pool was not set on WebSocketDeploymentInfo, the default pool will be used","Application":"Credit-analysis","Region":null,"MachineName":null}
{"timestamp":"2023-06-15 14:03:12.101","level":"INFO","thread":"main","logger":"io.undertow.servlet","message":"Initializing Spring embedded WebApplicationContext","Application":"Credit-analysis","Region":null,"MachineName":null}
{"timestamp":"2023-06-15 14:03:12.101","level":"INFO","thread":"main","logger":"org.springframework.boot.web.servlet.context.ServletWebServerApplicationContext","message":"Root WebApplicationContext: initialization completed in 1602 ms","Application":"Credit-analysis","Region":null,"MachineName":null}
{"timestamp":"2023-06-15 14:03:12.338","level":"INFO","thread":"main","logger":"com.zaxxer.hikari.HikariDataSource","message":"HikariPool-1 - Starting...","Application":"Credit-analysis","Region":null,"MachineName":null}
{"timestamp":"2023-06-15 14:03:12.352","level":"INFO","thread":"main","logger":"com.zaxxer.hikari.HikariDataSource","message":"HikariPool-1 - Start completed.","Application":"Credit-analysis","Region":null,"MachineName":null}
{"timestamp":"2023-06-15 14:03:12.578","level":"INFO","thread":"main","logger":"org.hibernate.jpa.internal.util.LogHelper","message":"HHH000204: Processing PersistenceUnitInfo [name: default]","Application":"Credit-analysis","Region":null,"MachineName":null}
{"timestamp":"2023-06-15 14:03:12.632","level":"INFO","thread":"main","logger":"org.hibernate.Version","message":"HHH000412: Hibernate ORM core version 6.1.7.Final","Application":"Credit-analysis","Region":null,"MachineName":null}
{"timestamp":"2023-06-15 14:03:12.917","level":"INFO","thread":"main","logger":"SQL dialect","message":"HHH000400: Using dialect: org.hibernate.dialect.PostgreSQL9Dialect","Application":"Credit-analysis","Region":null,"MachineName":null}
{"timestamp":"2023-06-15 14:03:12.919","level":"WARN","thread":"main","logger":"org.hibernate.orm.deprecation","message":"HHH90000026: PostgreSQL9Dialect has been deprecated; use org.hibernate.dialect.PostgreSQLDialect instead","Application":"Credit-analysis","Region":null,"MachineName":null}
{"timestamp":"2023-06-15 14:03:13.471","level":"INFO","thread":"main","logger":"org.hibernate.engine.transaction.jta.platform.internal.JtaPlatformInitiator","message":"HHH000490: Using JtaPlatform implementation: [org.hibernate.engine.transaction.jta.platform.internal.NoJtaPlatform]","Application":"Credit-analysis","Region":null,"MachineName":null}
{"timestamp":"2023-06-15 14:03:13.479","level":"INFO","thread":"main","logger":"org.springframework.orm.jpa.LocalContainerEntityManagerFactoryBean","message":"Initialized JPA EntityManagerFactory for persistence unit 'default'","Application":"Credit-analysis","Region":null,"MachineName":null}
{"timestamp":"2023-06-15 14:03:13.846","level":"WARN","thread":"main","logger":"org.springframework.boot.autoconfigure.orm.jpa.JpaBaseConfiguration$JpaWebConfiguration","message":"spring.jpa.open-in-view is enabled by default. Therefore, database queries may be performed during view rendering. Explicitly configure spring.jpa.open-in-view to disable this warning","Application":"Credit-analysis","Region":null,"MachineName":null}
{"timestamp":"2023-06-15 14:03:14.545","level":"INFO","thread":"main","logger":"org.springframework.boot.actuate.endpoint.web.EndpointLinksResolver","message":"Exposing 1 endpoint(s) beneath base path '/actuator'","Application":"Credit-analysis","Region":null,"MachineName":null}
{"timestamp":"2023-06-15 14:03:14.620","level":"INFO","thread":"main","logger":"io.undertow","message":"starting server: Undertow - 2.3.5.Final","Application":"Credit-analysis","Region":null,"MachineName":null}
{"timestamp":"2023-06-15 14:03:14.628","level":"INFO","thread":"main","logger":"org.xnio","message":"XNIO version 3.8.8.Final","Application":"Credit-analysis","Region":null,"MachineName":null}
{"timestamp":"2023-06-15 14:03:14.637","level":"INFO","thread":"main","logger":"org.xnio.nio","message":"XNIO NIO Implementation Version 3.8.8.Final","Application":"Credit-analysis","Region":null,"MachineName":null}
{"timestamp":"2023-06-15 14:03:14.704","level":"INFO","thread":"main","logger":"org.jboss.threads","message":"JBoss Threads version 3.5.0.Final","Application":"Credit-analysis","Region":null,"MachineName":null}
{"timestamp":"2023-06-15 14:03:14.744","level":"INFO","thread":"main","logger":"org.springframework.boot.web.embedded.undertow.UndertowWebServer","message":"Undertow started on port(s) 8083 (http)","Application":"Credit-analysis","Region":null,"MachineName":null}
{"timestamp":"2023-06-15 14:03:14.980","level":"INFO","thread":"main","logger":"com.app.creditanalysis.CreditAnalysisApplication","message":"Started CreditAnalysisApplication in 5.185 seconds (process running for 5.981)","Application":"Credit-analysis","Region":null,"MachineName":null}
{"timestamp":"2023-06-15 14:03:51.882","level":"INFO","thread":"XNIO-1 task-2","logger":"io.undertow.servlet","message":"Initializing Spring DispatcherServlet 'dispatcherServlet'","Application":"Credit-analysis","Region":null,"MachineName":null}
{"timestamp":"2023-06-15 14:03:51.883","level":"INFO","thread":"XNIO-1 task-2","logger":"org.springframework.web.servlet.DispatcherServlet","message":"Initializing Servlet 'dispatcherServlet'","Application":"Credit-analysis","Region":null,"MachineName":null}
{"timestamp":"2023-06-15 14:03:51.884","level":"INFO","thread":"XNIO-1 task-2","logger":"org.springframework.web.servlet.DispatcherServlet","message":"Completed initialization in 1 ms","Application":"Credit-analysis","Region":null,"MachineName":null}
{"timestamp":"2023-06-15 14:03:51.918","level":"INFO","thread":"XNIO-1 task-2","logger":"com.app.creditanalysis.exceptionhandler.CreditAnalysisExceptionHandler","message":"accessed endpoint method get with parameter cpf /53887957806","Application":"Credit-analysis","Region":null,"MachineName":null,"correlationId":"8a966144-c5f3-41fa-aff4-1e044a0f8b93"}
{"timestamp":"2023-06-15 14:03:55.891","level":"INFO","thread":"XNIO-1 task-2","logger":"com.app.creditanalysis.exceptionhandler.CreditAnalysisExceptionHandler","message":"accessed endpoint method get with parameter cpf /53887957807","Application":"Credit-analysis","Region":null,"MachineName":null,"correlationId":"1d58ab38-84dc-4438-877f-34880f166b0f"}
{"timestamp":"2023-06-15 14:03:55.910","level":"ERROR","thread":"XNIO-1 task-2","logger":"com.app.creditanalysis.exceptionhandler.CreditAnalysisExceptionHandler","message":"com.app.creditanalysis.exception.CreditAnalysisNotFound: Credit Analysis with id client f3c65843-a3ad-465e-8294-2ad5030c6156 not exists","Application":"Credit-analysis","Region":null,"MachineName":null,"correlationId":"1d58ab38-84dc-4438-877f-34880f166b0f"}
{"timestamp":"2023-06-15 14:04:11.491","level":"INFO","thread":"XNIO-1 task-2","logger":"com.app.creditanalysis.exceptionhandler.CreditAnalysisExceptionHandler","message":"accessed endpoint method get with parameter cpf /53887957807","Application":"Credit-analysis","Region":null,"MachineName":null,"correlationId":"9e0ad723-f3bd-4fcc-8ed7-10b4cfc2758d"}
{"timestamp":"2023-06-15 14:04:11.509","level":"ERROR","thread":"XNIO-1 task-2","logger":"com.app.creditanalysis.exceptionhandler.CreditAnalysisExceptionHandler","message":"com.app.creditanalysis.exception.CreditAnalysisNotFound: Credit Analysis with id client f3c65843-a3ad-465e-8294-2ad5030c6156 not exists","Application":"Credit-analysis","Region":null,"MachineName":null,"correlationId":"9e0ad723-f3bd-4fcc-8ed7-10b4cfc2758d"}
{"timestamp":"2023-06-15 14:04:15.045","level":"INFO","thread":"XNIO-1 task-2","logger":"com.app.creditanalysis.exceptionhandler.CreditAnalysisExceptionHandler","message":"accessed endpoint method post","Application":"Credit-analysis","Region":null,"MachineName":null,"correlationId":"76bdd471-44af-4a4b-85a9-deafb05f69a0"}
{"timestamp":"2023-06-15 14:04:19.156","level":"INFO","thread":"XNIO-1 task-2","logger":"com.app.creditanalysis.exceptionhandler.CreditAnalysisExceptionHandler","message":"accessed endpoint method get with parameter cpf /53887957807","Application":"Credit-analysis","Region":null,"MachineName":null,"correlationId":"ace1e314-342b-41d8-9fa8-d24e9b59c8f1"}
